<?xml version="1.0" encoding="UTF-8"?>
<persistence xmlns="http://xmlns.jcp.org/xml/ns/persistence"
             xmlns:xsi="http://www.w3.org/2001/XMLSchema-instance"
             xsi:schemaLocation="http://xmlns.jcp.org/xml/ns/persistence
                 http://xmlns.jcp.org/xml/ns/persistence/persistence_2_1.xsd"
             version="2.1">

    <persistence-unit name="MySQL" transaction-type="JTA">
        <jta-data-source>jdbc/test</jta-data-source> <!--corresponds with server.xml-->

        <properties>
            <property name="hibernate.show_sql" value="true"/>
            <property name="hibernate.format_sql" value="true"/>
            <property name="hibernate.dialect" value="org.hibernate.dialect.MySQL5Dialect"/> <!--needed!-->
            <property name="javax.persistence.schema-generation.database.action" value="drop-and-create"/>
        </properties>
    </persistence-unit>
</persistence>
